<?xml version="1.0" encoding="UTF-8"?>
<testsuite name="edu.drexel.se320.MockTests" tests="1" skipped="0" failures="0" errors="0" timestamp="2022-05-15T00:23:21" hostname="DESKTOP-A7IPG8T" time="0.358">
  <properties/>
  <testcase name="testConnectionSuccessWithoutValidFileClosesConnection()" classname="edu.drexel.se320.MockTests" time="0.358"/>
  <system-out><![CDATA[]]></system-out>
  <system-err><![CDATA[]]></system-err>
</testsuite>
